<?xml version="1.0" encoding="UTF-8"?>
<testsuite xmlns:xsi="http://www.w3.org/2001/XMLSchema-instance" xsi:noNamespaceSchemaLocation="https://maven.apache.org/surefire/maven-surefire-plugin/xsd/surefire-test-report.xsd" name="org.skewwhiffy.Day01Test" time="0.01" tests="1" errors="1" skipped="0" failures="0">
  <properties>
[...]
</properties>
  <testcase name="calculates calibration values" classname="org.skewwhiffy.Day01Test" time="0.007">
    <error message="An operation is not implemented." type="kotlin.NotImplementedError">kotlin.NotImplementedError: An operation is not implemented.
	at org.skewwhiffy.Day01Test.calculates calibration values(Day01Test.kt:11)
</error>
  </testcase>
</testsuite>